########### array before sorts ###########
0	0.000000	-1.270000	79.934000	-1.270000	n
1	79.934000	-1.270000	79.934000	41.646000	n
2	79.934000	41.646000	0.000000	41.646000	n
3	0.000000	41.646000	0.000000	-1.270000	n
Tolerance=0.050000.
*Exact match for i=0 and j=1.
*i point 0.000000	-1.270000	79.934000	-1.270000	y
*Exact match for i=1 and j=2.
*i point 79.934000	-1.270000	79.934000	41.646000	y
*Exact match for i=2 and j=3.
*i point 79.934000	41.646000	0.000000	41.646000	y
########### array after sorts ###########
0	0.000000	-1.270000	79.934000	-1.270000	y
1	79.934000	-1.270000	79.934000	41.646000	y
2	79.934000	41.646000	0.000000	41.646000	y
3	0.000000	41.646000	0.000000	-1.270000	y
***************
.BOARD_OUTLINE UNOWNED
1.6
0     0.000000     -1.270000     0
0     79.934000     -1.270000     0
0     79.934000     41.646000     0
0     0.000000     41.646000     0
0     0.000000     -1.270000     0
